2022-05-24 15:37:53,765 - web_application - INFO - ModelServiceNewImage web server start!
2022-05-24 15:38:41,679 - root - INFO - collect data
2022-05-24 15:40:00,442 - web_application - INFO - ModelServiceNewImage web server start!
2022-05-24 15:40:02,946 - root - INFO - collect data
2022-05-24 15:41:17,844 - web_application - INFO - ModelServiceNewImage web server start!
2022-05-24 15:41:19,536 - root - INFO - collect data
2022-05-24 15:42:17,013 - root - INFO - do service
2022-05-24 15:42:20,383 - root - ERROR - 'int' object is not subscriptable
2022-05-24 15:46:26,933 - web_application - INFO - ModelServiceNewImage web server start!
2022-05-24 15:46:30,467 - root - INFO - collect data
2022-05-24 15:47:22,003 - root - INFO - do service
2022-05-24 15:49:57,761 - web_application - INFO - ModelServiceNewImage web server start!
2022-05-24 15:49:59,429 - root - INFO - collect data
2022-05-24 15:50:54,206 - root - INFO - do service
2022-05-24 15:51:46,265 - web_application - INFO - ModelServiceNewImage web server start!
2022-05-24 16:55:46,079 - web_application - INFO - ModelServiceNewImage web server start!
2022-05-24 16:55:51,115 - root - INFO - collect data
2022-05-24 16:56:37,422 - root - INFO - do service
2022-05-24 17:07:16,435 - web_application - INFO - ModelServiceNewImage web server start!
2022-05-24 17:07:18,229 - root - INFO - collect data
2022-05-24 17:08:09,692 - root - INFO - do service
2022-05-24 17:16:35,379 - web_application - INFO - ModelServiceNewImage web server start!
2022-05-24 17:16:36,522 - root - INFO - collect data
2022-05-24 17:17:24,171 - root - INFO - do service
2022-05-24 17:26:45,570 - web_application - INFO - ModelServiceNewImage web server start!
2022-05-24 17:26:47,331 - root - INFO - collect data
2022-05-24 17:27:35,652 - root - INFO - do service
2022-05-24 17:38:40,763 - web_application - INFO - ModelServiceNewImage web server start!
2022-05-24 17:38:42,516 - root - INFO - collect data
2022-05-24 17:39:29,949 - root - INFO - do service
2022-05-24 17:45:17,580 - web_application - INFO - ModelServiceNewImage web server start!
2022-05-24 17:45:31,832 - web_application - INFO - ModelServiceNewImage web server start!
2022-05-24 17:45:33,668 - root - INFO - collect data
2022-05-24 17:46:20,531 - root - INFO - do service
2022-05-24 17:47:54,487 - web_application - INFO - ModelServiceNewImage web server start!
2022-05-24 17:47:58,641 - root - INFO - collect data
2022-05-24 17:48:51,351 - root - INFO - do service
2022-05-24 17:51:50,530 - web_application - INFO - ModelServiceNewImage web server start!
2022-05-24 17:51:51,858 - root - INFO - collect data
2022-05-24 17:52:39,697 - root - INFO - do service
2022-05-24 17:54:06,924 - web_application - INFO - ModelServiceNewImage web server start!
2022-05-24 17:54:08,921 - root - INFO - collect data
2022-05-24 17:55:00,471 - root - INFO - do service
2022-05-24 17:57:10,318 - web_application - INFO - ModelServiceNewImage web server start!
2022-05-24 17:57:11,986 - root - INFO - collect data
2022-05-24 17:58:01,623 - root - INFO - do service
2022-05-24 17:59:09,900 - web_application - INFO - ModelServiceNewImage web server start!
2022-05-24 17:59:17,079 - root - INFO - collect data
2022-05-24 18:00:04,299 - root - INFO - do service
2022-05-24 18:04:05,511 - web_application - INFO - ModelServiceNewImage web server start!
2022-05-24 18:04:07,400 - root - INFO - collect data
2022-05-24 18:04:56,904 - root - INFO - do service
2022-05-24 18:12:25,715 - web_application - INFO - ModelServiceNewImage web server start!
2022-05-24 18:12:27,249 - root - INFO - collect data
2022-05-24 18:13:17,573 - root - INFO - do service
2022-05-24 18:21:36,704 - web_application - INFO - ModelServiceNewImage web server start!
2022-05-24 18:21:38,283 - root - INFO - collect data
2022-05-24 18:22:26,647 - root - INFO - do service
2022-05-24 18:26:08,767 - web_application - INFO - ModelServiceNewImage web server start!
2022-05-24 18:26:10,360 - root - INFO - collect data
2022-05-24 18:26:56,769 - root - INFO - do service
2022-05-24 18:29:40,161 - web_application - INFO - ModelServiceNewImage web server start!
2022-05-24 18:29:41,803 - root - INFO - collect data
2022-05-24 18:30:30,463 - root - INFO - do service
2022-05-24 18:33:13,454 - web_application - INFO - ModelServiceNewImage web server start!
2022-05-24 18:33:14,908 - root - INFO - collect data
2022-05-24 18:34:04,125 - root - INFO - do service
2022-05-24 18:36:29,754 - web_application - INFO - ModelServiceNewImage web server start!
2022-05-24 18:36:38,234 - web_application - INFO - ModelServiceNewImage web server start!
2022-05-24 18:36:39,021 - root - INFO - collect data
2022-05-24 18:37:31,291 - root - INFO - do service
2022-05-24 18:38:13,470 - web_application - INFO - ModelServiceNewImage web server start!
2022-05-24 18:38:14,629 - root - INFO - collect data
2022-05-24 18:39:01,647 - root - INFO - do service
2022-05-24 18:39:07,497 - root - INFO - {"code": 200, "msg": "success!", "data": "create plan is success"}
2022-05-24 18:47:48,925 - web_application - INFO - ModelServiceNewImage web server start!
2022-05-24 18:47:51,072 - root - INFO - collect data
2022-05-24 18:48:41,015 - root - INFO - do service
2022-05-24 18:55:05,178 - web_application - INFO - ModelServiceNewImage web server start!
2022-05-24 18:55:06,854 - root - INFO - collect data
2022-05-24 18:55:55,610 - root - INFO - do service
2022-05-24 18:58:09,822 - web_application - INFO - ModelServiceNewImage web server start!
2022-05-24 18:58:11,603 - root - INFO - collect data
2022-05-24 18:58:40,129 - web_application - INFO - ModelServiceNewImage web server start!
2022-05-24 18:58:41,828 - root - INFO - collect data
2022-05-24 18:59:28,230 - root - INFO - do service
2022-05-24 19:04:28,238 - web_application - INFO - ModelServiceNewImage web server start!
2022-05-24 19:04:29,318 - root - INFO - collect data
2022-05-24 19:05:28,591 - root - INFO - do service
2022-05-24 19:21:13,145 - web_application - INFO - ModelServiceNewImage web server start!
2022-05-24 19:21:15,127 - root - INFO - collect data
2022-05-24 19:22:05,540 - root - INFO - do service
2022-05-24 19:22:12,705 - root - INFO - {"code": 200, "msg": "success!", "data": "create plan is success"}
2022-05-24 19:22:59,624 - web_application - INFO - ModelServiceNewImage web server start!
2022-05-24 19:23:04,468 - root - INFO - collect data
2022-05-24 19:23:55,919 - root - INFO - do service
2022-05-24 19:24:03,996 - root - INFO - {"code": 200, "msg": "success!", "data": "create plan is success"}
2022-05-24 20:34:31,901 - web_application - INFO - ModelServiceNewImage web server start!
2022-05-24 20:34:42,211 - web_application - INFO - ModelServiceNewImage web server start!
2022-05-24 20:34:45,914 - root - INFO - collect data
2022-05-24 20:35:38,669 - root - INFO - do service
2022-05-24 20:36:08,336 - root - INFO - {"code": 200, "msg": "success!", "data": "create plan is success"}
2022-05-24 20:51:01,330 - web_application - INFO - ModelServiceNewImage web server start!
2022-05-24 20:51:02,875 - root - INFO - collect data
2022-05-24 20:51:50,015 - root - INFO - do service
2022-05-24 20:54:48,609 - web_application - INFO - ModelServiceNewImage web server start!
2022-05-24 20:54:50,199 - root - INFO - collect data
2022-05-24 20:55:38,125 - root - INFO - do service
2022-05-24 20:55:46,166 - root - INFO - {"code": 200, "msg": "success!", "data": "create plan is success"}
2022-05-25 11:31:54,756 - web_application - INFO - ModelServiceNewImage web server start!
2022-05-25 11:31:58,445 - root - INFO - collect data
2022-05-25 11:32:45,558 - root - INFO - do service
2022-05-25 11:32:50,695 - root - INFO - {"code": 200, "msg": "success!", "data": "create plan is success"}
2022-05-25 11:36:15,192 - web_application - INFO - ModelServiceNewImage web server start!
2022-05-25 11:36:17,987 - root - INFO - collect data
2022-05-25 11:37:09,630 - root - INFO - do service
2022-05-25 11:37:14,461 - root - INFO - {"code": 200, "msg": "success!", "data": "create plan is success"}
2022-05-25 18:20:33,666 - web_application - INFO - ModelServiceNewImage web server start!
2022-05-25 18:20:42,135 - root - INFO - do PtomModel service
2022-05-25 18:20:42,135 - root - INFO - do PtomPredictNew post service
2022-05-25 18:21:55,248 - web_application - INFO - ModelServiceNewImage web server start!
2022-05-25 18:21:57,398 - root - INFO - do PtomModel service
2022-05-25 18:21:57,399 - root - INFO - do PtomPredictNew post service
2022-05-25 18:24:40,451 - web_application - INFO - ModelServiceNewImage web server start!
2022-05-25 18:24:41,996 - root - INFO - do PtomModel service
2022-05-25 18:24:41,996 - root - INFO - do PtomPredictNew post service
2022-05-25 18:28:13,936 - web_application - INFO - ModelServiceNewImage web server start!
2022-05-25 18:28:15,424 - root - INFO - do PtomModel service
2022-05-25 18:28:15,424 - root - INFO - do PtomPredictNew post service
2022-05-25 20:30:23,081 - web_application - INFO - ModelServiceNewImage web server start!
2022-05-25 20:30:26,276 - root - INFO - do PtomModel service
2022-05-25 20:30:26,276 - root - INFO - do PtomPredictNew post service
2022-05-25 20:30:48,580 - web_application - INFO - ModelServiceNewImage web server start!
2022-05-25 20:30:49,637 - root - INFO - do PtomModel service
2022-05-25 20:30:49,637 - root - INFO - do PtomPredictNew post service
2022-05-25 20:32:22,756 - web_application - INFO - ModelServiceNewImage web server start!
2022-05-25 20:32:24,806 - root - INFO - do PtomModel service
2022-05-25 20:32:24,806 - root - INFO - do PtomPredictNew post service
2022-05-25 20:43:23,818 - web_application - INFO - ModelServiceNewImage web server start!
2022-05-25 20:43:25,303 - root - INFO - do PtomModel service
2022-05-25 20:43:25,304 - root - INFO - do PtomPredictNew post service
2022-05-25 20:44:46,020 - web_application - INFO - ModelServiceNewImage web server start!
2022-05-25 20:44:49,278 - root - INFO - do PtomModel service
2022-05-25 20:44:49,278 - root - INFO - do PtomPredictNew post service
2022-05-25 20:46:31,610 - web_application - INFO - ModelServiceNewImage web server start!
2022-05-25 20:46:33,165 - root - INFO - do PtomModel service
2022-05-25 20:46:33,166 - root - INFO - do PtomPredictNew post service
2022-05-25 20:47:00,173 - web_application - INFO - ModelServiceNewImage web server start!
2022-05-25 20:47:01,614 - root - INFO - do PtomModel service
2022-05-25 20:47:01,614 - root - INFO - do PtomPredictNew post service
2022-05-25 20:50:15,695 - web_application - INFO - ModelServiceNewImage web server start!
2022-05-25 20:50:17,076 - root - INFO - do PtomModel service
2022-05-25 20:50:17,076 - root - INFO - do PtomPredictNew post service
2022-05-25 20:51:47,663 - web_application - INFO - ModelServiceNewImage web server start!
2022-05-25 20:51:49,321 - root - INFO - do PtomModel service
2022-05-25 20:51:49,322 - root - INFO - do PtomPredictNew post service
2022-05-25 20:53:59,661 - web_application - INFO - ModelServiceNewImage web server start!
2022-05-25 20:54:01,435 - root - INFO - do PtomModel service
2022-05-25 20:54:01,435 - root - INFO - do PtomPredictNew post service
2022-05-25 20:56:42,131 - web_application - INFO - ModelServiceNewImage web server start!
2022-05-25 20:56:43,627 - root - INFO - do PtomModel service
2022-05-25 20:56:43,627 - root - INFO - do PtomPredictNew post service
2022-05-25 20:58:09,710 - web_application - INFO - ModelServiceNewImage web server start!
2022-05-25 20:58:10,927 - root - INFO - do PtomModel service
2022-05-25 20:58:10,927 - root - INFO - do PtomPredictNew post service
2022-05-25 20:59:06,289 - web_application - INFO - ModelServiceNewImage web server start!
2022-05-25 20:59:07,040 - root - INFO - do PtomModel service
2022-05-25 20:59:07,040 - root - INFO - do PtomPredictNew post service
2022-05-25 20:59:47,846 - web_application - INFO - ModelServiceNewImage web server start!
2022-05-25 20:59:49,150 - root - INFO - do PtomModel service
2022-05-25 20:59:49,150 - root - INFO - do PtomPredictNew post service
2022-05-25 21:00:34,124 - web_application - INFO - ModelServiceNewImage web server start!
2022-05-25 21:00:35,816 - root - INFO - do PtomModel service
2022-05-25 21:00:35,816 - root - INFO - do PtomPredictNew post service
2022-05-25 21:01:29,238 - web_application - INFO - ModelServiceNewImage web server start!
2022-05-25 21:01:30,911 - root - INFO - do PtomModel service
2022-05-25 21:01:30,911 - root - INFO - do PtomPredictNew post service
2022-05-25 21:02:09,554 - web_application - INFO - ModelServiceNewImage web server start!
2022-05-25 21:02:10,578 - root - INFO - do PtomModel service
2022-05-25 21:02:10,578 - root - INFO - do PtomPredictNew post service
2022-05-25 21:02:39,470 - web_application - INFO - ModelServiceNewImage web server start!
2022-05-25 21:02:41,250 - root - INFO - do PtomModel service
2022-05-25 21:02:41,251 - root - INFO - do PtomPredictNew post service
2022-05-25 21:04:53,839 - web_application - INFO - ModelServiceNewImage web server start!
2022-05-25 21:04:54,801 - root - INFO - do PtomModel service
2022-05-25 21:04:54,801 - root - INFO - do PtomPredictNew post service
2022-05-25 21:08:29,629 - web_application - INFO - ModelServiceNewImage web server start!
2022-05-25 21:08:33,155 - root - INFO - do PtomModel service
2022-05-25 21:08:33,155 - root - INFO - do PtomPredictNew post service
2022-05-25 21:12:38,602 - web_application - INFO - ModelServiceNewImage web server start!
2022-05-25 21:12:40,444 - root - INFO - do PtomModel service
2022-05-25 21:12:40,444 - root - INFO - do PtomPredictNew post service
2022-05-25 21:14:56,754 - web_application - INFO - ModelServiceNewImage web server start!
2022-05-25 21:14:57,792 - root - INFO - do PtomModel service
2022-05-25 21:14:57,792 - root - INFO - do PtomPredictNew post service
2022-05-25 21:15:58,283 - web_application - INFO - ModelServiceNewImage web server start!
2022-05-25 21:16:00,242 - root - INFO - do PtomModel service
2022-05-25 21:16:00,242 - root - INFO - do PtomPredictNew post service
2022-05-25 21:26:12,278 - web_application - INFO - ModelServiceNewImage web server start!
2022-05-25 21:26:21,813 - web_application - INFO - ModelServiceNewImage web server start!
2022-05-25 21:26:23,271 - root - INFO - do PtomModel service
2022-05-25 21:26:23,272 - root - INFO - do PtomPredictNew post service
2022-05-25 21:27:52,342 - web_application - INFO - ModelServiceNewImage web server start!
2022-05-25 21:27:54,181 - root - INFO - do PtomModel service
2022-05-25 21:27:54,182 - root - INFO - do PtomPredictNew post service
2022-05-25 21:29:40,235 - web_application - INFO - ModelServiceNewImage web server start!
2022-05-25 21:29:41,782 - root - INFO - do PtomModel service
2022-05-25 21:29:41,782 - root - INFO - do PtomPredictNew post service
2022-05-25 21:29:53,306 - root - INFO - {"code": 200, "msg": "image recomm success!"}
2022-05-25 21:35:54,825 - web_application - INFO - ModelServiceNewImage web server start!
2022-05-25 21:36:01,815 - root - INFO - do PtomModel service
2022-05-25 21:36:01,815 - root - INFO - do PtomPredictNew post service
2022-05-25 21:36:12,765 - root - INFO - {"code": 200, "msg": "image recomm success!"}
2022-05-25 21:43:04,808 - web_application - INFO - ModelServiceNewImage web server start!
2022-05-25 21:43:07,177 - root - INFO - do PtomModel service
2022-05-25 21:43:07,177 - root - INFO - do PtomPredictNew post service
2022-05-25 21:43:17,853 - root - INFO - {"code": 200, "msg": "image recomm success!"}
2022-05-25 21:46:49,369 - web_application - INFO - ModelServiceNewImage web server start!
2022-05-25 21:46:59,044 - web_application - INFO - ModelServiceNewImage web server start!
2022-05-25 21:47:00,410 - root - INFO - do PtomModel service
2022-05-25 21:47:00,410 - root - INFO - do PtomPredictNew post service
2022-05-25 21:47:10,835 - root - INFO - {"code": 200, "msg": "image recomm success!"}
2022-05-25 21:49:10,987 - web_application - INFO - ModelServiceNewImage web server start!
2022-05-25 21:49:12,068 - root - INFO - do PtomModel service
2022-05-25 21:49:12,068 - root - INFO - do PtomPredictNew post service
2022-05-25 21:49:21,574 - root - INFO - {"code": 200, "msg": "image recomm success!"}
2022-05-26 10:49:59,341 - web_application - INFO - ModelServiceNewImage web server start!
2022-05-26 10:50:04,352 - root - INFO - do PtomModel service
2022-05-26 10:50:04,352 - root - INFO - do PtomPredictNew post service
2022-05-26 10:50:12,912 - root - INFO - {"code": 200, "msg": "image recomm success!"}
2022-05-26 10:52:49,352 - web_application - INFO - ModelServiceNewImage web server start!
2022-05-26 10:52:52,417 - root - INFO - do PtomModel service
2022-05-26 10:52:52,417 - root - INFO - do PtomPredictNew post service
2022-05-26 10:53:01,464 - root - INFO - {"code": 200, "msg": "image recomm success!"}
2022-05-26 10:57:49,387 - web_application - INFO - ModelServiceNewImage web server start!
2022-05-26 10:58:13,292 - root - INFO - do PtomModel service
2022-05-26 10:58:13,292 - root - INFO - do PtomPredictNew post service
2022-05-26 10:58:20,410 - root - INFO - {"code": 200, "msg": "image recomm success!"}
2022-05-26 10:59:11,866 - web_application - INFO - ModelServiceNewImage web server start!
2022-05-26 10:59:13,741 - root - INFO - do PtomModel service
2022-05-26 10:59:13,741 - root - INFO - do PtomPredictNew post service
2022-05-26 10:59:20,704 - root - INFO - {"code": 200, "msg": "image recomm success!"}
2022-05-26 11:09:22,796 - web_application - INFO - ModelServiceNewImage web server start!
2022-05-26 11:09:24,699 - root - INFO - do PtomModel service
2022-05-26 11:09:24,699 - root - INFO - do PtomPredictNew post service
2022-05-26 11:09:31,804 - root - INFO - {"code": 200, "msg": "image recomm success!"}
2022-05-26 11:37:58,817 - web_application - INFO - ModelServiceNewImage web server start!
2022-05-26 11:38:01,290 - root - INFO - do PtomModel service
2022-05-26 11:38:01,290 - root - INFO - do PtomPredictNew post service
2022-05-26 11:38:08,494 - root - INFO - {"code": 200, "msg": "image recomm success!"}
2022-05-26 11:47:48,595 - web_application - INFO - ModelServiceNewImage web server start!
2022-05-26 11:47:51,407 - root - INFO - do PtomModel service
2022-05-26 11:47:51,408 - root - INFO - do PtomPredictNew post service
2022-05-26 11:47:59,046 - root - INFO - {"code": 200, "msg": "image recomm success!"}
2022-05-26 11:51:50,473 - web_application - INFO - ModelServiceNewImage web server start!
2022-05-26 11:52:16,304 - root - INFO - do PtomModel service
2022-05-26 11:52:16,305 - root - INFO - do PtomPredictNew post service
2022-05-26 11:52:23,341 - root - INFO - {"code": 200, "msg": "image recomm success!"}
2022-05-26 11:53:27,292 - web_application - INFO - ModelServiceNewImage web server start!
2022-05-26 11:53:32,368 - root - INFO - do PtomModel service
2022-05-26 11:53:32,368 - root - INFO - do PtomPredictNew post service
2022-05-26 11:53:39,155 - root - INFO - {"code": 200, "msg": "image recomm success!"}
2022-05-26 11:58:05,741 - web_application - INFO - ModelServiceNewImage web server start!
2022-05-26 11:58:12,432 - root - INFO - do PtomModel service
2022-05-26 11:58:12,432 - root - INFO - do PtomPredictNew post service
2022-05-26 11:58:18,959 - root - INFO - {"code": 200, "msg": "image recomm success!"}
2022-05-26 12:03:23,867 - web_application - INFO - ModelServiceNewImage web server start!
2022-05-26 12:03:25,444 - root - INFO - do PtomModel service
2022-05-26 12:03:25,444 - root - INFO - do PtomPredictNew post service
2022-05-26 12:03:34,607 - root - INFO - {"code": 200, "msg": "image recomm success!"}
2022-05-26 12:08:45,439 - web_application - INFO - ModelServiceNewImage web server start!
2022-05-26 12:08:46,884 - root - INFO - do PtomModel service
2022-05-26 12:08:46,884 - root - INFO - do PtomPredictNew post service
2022-05-26 12:08:55,735 - root - INFO - {"code": 200, "msg": "image recomm success!"}
2022-05-26 12:10:36,795 - web_application - INFO - ModelServiceNewImage web server start!
2022-05-26 12:10:39,558 - root - INFO - do PtomModel service
2022-05-26 12:10:39,559 - root - INFO - do PtomPredictNew post service
2022-05-26 12:10:49,178 - root - INFO - {"code": 200, "msg": "image recomm success!"}
2022-05-26 12:49:24,583 - web_application - INFO - ModelServiceNewImage web server start!
2022-05-26 12:49:28,003 - root - INFO - do PtomModel service
2022-05-26 12:49:28,003 - root - INFO - do PtomPredictNew post service
2022-05-26 12:56:21,992 - web_application - INFO - ModelServiceNewImage web server start!
2022-05-26 12:56:24,713 - root - INFO - do PtomModel service
2022-05-26 12:56:24,713 - root - INFO - do PtomPredictNew post service
2022-05-26 15:31:10,972 - web_application - INFO - ModelServiceNewImage web server start!
2022-05-26 15:31:20,233 - root - INFO - do PtomModel service
2022-05-26 15:31:20,233 - root - INFO - do PtomPredictNew post service
2022-05-26 15:33:52,150 - web_application - INFO - ModelServiceNewImage web server start!
2022-05-26 15:38:37,642 - web_application - INFO - ModelServiceNewImage web server start!
2022-05-26 15:38:39,449 - root - INFO - do PtomModel service
2022-05-26 15:38:39,449 - root - INFO - do PtomPredictNew post service
2022-05-26 15:45:49,782 - web_application - INFO - ModelServiceNewImage web server start!
2022-05-26 15:48:25,344 - web_application - INFO - ModelServiceNewImage web server start!
2022-05-26 15:48:26,771 - root - INFO - do PtomModel service
2022-05-26 15:48:26,771 - root - INFO - do PtomPredictNew post service
2022-05-26 15:49:57,580 - web_application - INFO - ModelServiceNewImage web server start!
2022-05-26 15:49:58,968 - root - INFO - do PtomModel service
2022-05-26 15:49:58,968 - root - INFO - do PtomPredictNew post service
2022-05-26 15:52:51,716 - web_application - INFO - ModelServiceNewImage web server start!
2022-05-26 15:52:53,382 - root - INFO - do PtomModel service
2022-05-26 15:52:53,382 - root - INFO - do PtomPredictNew post service
2022-05-26 15:55:05,926 - web_application - INFO - ModelServiceNewImage web server start!
2022-05-26 15:55:07,251 - root - INFO - do PtomModel service
2022-05-26 15:55:07,251 - root - INFO - do PtomPredictNew post service
2022-05-26 15:56:15,036 - web_application - INFO - ModelServiceNewImage web server start!
2022-05-26 15:56:16,725 - root - INFO - do PtomModel service
2022-05-26 15:56:16,726 - root - INFO - do PtomPredictNew post service
2022-05-26 16:07:37,115 - web_application - INFO - ModelServiceNewImage web server start!
2022-05-26 16:07:38,820 - root - INFO - do PtomModel service
2022-05-26 16:07:38,820 - root - INFO - do PtomPredictNew post service
2022-05-26 16:08:14,714 - root - INFO - {"code": 200, "msg": "plan pay copy success!"}
2022-05-26 16:12:32,204 - web_application - INFO - ModelServiceNewImage web server start!
2022-05-26 16:12:40,963 - web_application - INFO - ModelServiceNewImage web server start!
2022-05-26 16:12:42,878 - root - INFO - do PtomModel service
2022-05-26 16:12:42,879 - root - INFO - do PtomPredictNew post service
2022-05-26 16:17:17,965 - web_application - INFO - ModelServiceNewImage web server start!
2022-05-26 16:17:19,690 - root - INFO - do PtomModel service
2022-05-26 16:17:19,690 - root - INFO - do PtomPredictNew post service
2022-05-26 16:20:26,259 - web_application - INFO - ModelServiceNewImage web server start!
2022-05-26 16:20:28,025 - root - INFO - do PtomModel service
2022-05-26 16:20:28,025 - root - INFO - do PtomPredictNew post service
2022-05-26 16:23:55,997 - web_application - INFO - ModelServiceNewImage web server start!
2022-05-26 16:23:57,540 - root - INFO - do PtomModel service
2022-05-26 16:23:57,540 - root - INFO - do PtomPredictNew post service
2022-05-26 16:26:55,859 - web_application - INFO - ModelServiceNewImage web server start!
2022-05-26 16:26:57,488 - root - INFO - do PtomModel service
2022-05-26 16:26:57,488 - root - INFO - do PtomPredictNew post service
2022-05-26 16:27:36,110 - root - INFO - {"code": 200, "msg": "plan pay copy success!"}
2022-05-26 16:28:57,241 - web_application - INFO - ModelServiceNewImage web server start!
2022-05-26 16:28:59,585 - root - INFO - do PtomModel service
2022-05-26 16:28:59,585 - root - INFO - do PtomPredictNew post service
2022-05-26 16:29:36,566 - root - INFO - {"code": 200, "msg": "plan pay copy success!"}
2022-05-26 16:31:01,850 - web_application - INFO - ModelServiceNewImage web server start!
2022-05-26 16:31:08,490 - root - INFO - do PtomModel service
2022-05-26 16:31:08,490 - root - INFO - do PtomPredictNew post service
2022-05-26 16:31:45,247 - root - INFO - {"code": 200, "msg": "plan pay copy success!"}
2022-05-26 16:43:58,813 - web_application - INFO - ModelServiceNewImage web server start!
2022-05-26 16:44:10,886 - web_application - INFO - ModelServiceNewImage web server start!
2022-05-26 16:44:38,791 - root - INFO - do PtomModel service
2022-05-26 16:44:38,791 - root - INFO - do PtomPredictNew post service
2022-05-26 16:45:23,929 - root - INFO - {"code": 200, "msg": "image recomm success!"}
2022-05-26 16:47:53,908 - web_application - INFO - ModelServiceNewImage web server start!
2022-05-26 16:47:56,297 - root - INFO - do PtomModel service
2022-05-26 16:47:56,297 - root - INFO - do PtomPredictNew post service
2022-05-26 16:48:43,514 - root - INFO - {"code": 200, "msg": "image recomm success!"}
2022-05-26 16:56:15,439 - web_application - INFO - ModelServiceNewImage web server start!
2022-05-26 16:56:17,525 - root - INFO - do PtomModel service
2022-05-26 16:56:17,525 - root - INFO - do PtomPredictNew post service
2022-05-26 16:57:00,082 - root - INFO - {"code": 200, "msg": "image recomm success!"}
2022-05-26 16:58:06,019 - web_application - INFO - ModelServiceNewImage web server start!
2022-05-26 16:58:08,542 - root - INFO - do PtomModel service
2022-05-26 16:58:08,542 - root - INFO - do PtomPredictNew post service
2022-05-26 16:58:51,793 - root - INFO - {"code": 200, "msg": "image recomm success!"}
2022-05-26 17:00:49,162 - web_application - INFO - ModelServiceNewImage web server start!
2022-05-26 17:01:13,213 - root - INFO - do PtomModel service
2022-05-26 17:01:13,213 - root - INFO - do PtomPredictNew post service
2022-05-26 17:01:58,526 - root - INFO - {"code": 200, "msg": "image recomm success!"}
2022-05-26 17:02:25,383 - web_application - INFO - ModelServiceNewImage web server start!
2022-05-26 17:40:23,408 - web_application - INFO - ModelServiceNewImage web server start!
2022-05-26 17:40:42,651 - root - INFO - do PtomModel service
2022-05-26 17:40:42,652 - root - INFO - do PtomPredictNew post service
2022-05-26 17:41:22,149 - web_application - INFO - ModelServiceNewImage web server start!
2022-05-26 17:41:23,569 - root - INFO - do PtomModel service
2022-05-26 17:41:23,569 - root - INFO - do PtomPredictNew post service
2022-05-26 17:42:38,312 - web_application - INFO - ModelServiceNewImage web server start!
2022-05-26 17:42:40,330 - root - INFO - do PtomModel service
2022-05-26 17:42:40,331 - root - INFO - do PtomPredictNew post service
2022-05-26 17:43:22,447 - root - INFO - {"code": 200, "msg": "image recomm success!"}
2022-05-26 17:46:48,959 - web_application - INFO - ModelServiceNewImage web server start!
2022-05-26 17:46:51,537 - root - INFO - do PtomModel service
2022-05-26 17:46:51,537 - root - INFO - do PtomPredictNew post service
2022-05-26 17:47:34,217 - root - INFO - {"code": 200, "msg": "image recomm success!"}
2022-05-26 17:58:22,688 - web_application - INFO - ModelServiceNewImage web server start!
2022-05-26 17:58:30,597 - web_application - INFO - ModelServiceNewImage web server start!
2022-05-26 17:58:40,520 - root - INFO - do PtomModel service
2022-05-26 17:58:40,520 - root - INFO - do PtomPredictNew post service
2022-05-26 18:08:42,468 - web_application - INFO - ModelServiceNewImage web server start!
2022-05-26 18:08:44,443 - root - INFO - do PtomModel service
2022-05-26 18:08:44,443 - root - INFO - do PtomPredictNew post service
2022-05-26 18:09:21,728 - root - INFO - {"code": 200, "msg": "plan pay copy success!"}
2022-05-26 18:13:07,215 - web_application - INFO - ModelServiceNewImage web server start!
2022-05-26 18:13:23,474 - root - INFO - do PtomModel service
2022-05-26 18:13:23,474 - root - INFO - do PtomPredictNew post service
2022-05-26 18:14:00,078 - root - INFO - {"code": 200, "msg": "plan pay copy success!"}
2022-05-26 18:16:33,385 - web_application - INFO - ModelServiceNewImage web server start!
2022-05-26 18:16:45,569 - web_application - INFO - ModelServiceNewImage web server start!
2022-05-26 18:16:47,146 - root - INFO - do PtomModel service
2022-05-26 18:16:47,146 - root - INFO - do PtomPredictNew post service
2022-05-26 18:17:24,446 - root - INFO - {"code": 200, "msg": "plan pay copy success!"}
2022-05-26 18:32:55,624 - web_application - INFO - ModelServiceNewImage web server start!
2022-05-26 18:32:58,306 - root - INFO - do PtomModel service
2022-05-26 18:32:58,306 - root - INFO - do PtomPredictNew post service
2022-05-26 18:33:35,677 - root - INFO - {"code": 200, "msg": "plan pay copy success!"}
2022-05-26 18:34:20,410 - web_application - INFO - ModelServiceNewImage web server start!
2022-05-26 18:34:21,910 - root - INFO - do PtomModel service
2022-05-26 18:34:21,910 - root - INFO - do PtomPredictNew post service
2022-05-26 18:34:58,239 - root - INFO - {"code": 200, "msg": "plan pay copy success!"}
2022-05-26 18:37:35,003 - web_application - INFO - ModelServiceNewImage web server start!
2022-05-26 18:37:39,560 - root - INFO - do PtomModel service
2022-05-26 18:37:39,561 - root - INFO - do PtomPredictNew post service
2022-05-26 18:38:16,103 - root - INFO - {"code": 200, "msg": "plan pay copy success!"}
2022-05-26 18:49:38,660 - web_application - INFO - ModelServiceNewImage web server start!
2022-05-26 18:49:54,984 - root - INFO - collect data
2022-05-26 18:50:42,187 - root - INFO - do service
2022-05-26 18:50:49,544 - root - INFO - {"code": 200, "msg": "success!", "data": "create plan is success"}
2022-05-26 19:05:03,164 - web_application - INFO - ModelServiceNewImage web server start!
2022-05-26 19:05:22,844 - root - INFO - collect data
2022-05-26 19:06:17,274 - root - INFO - do service
2022-05-26 19:06:23,513 - root - INFO - {"code": 200, "msg": "success!", "data": "create plan is success"}
2022-05-26 19:08:51,075 - web_application - INFO - ModelServiceNewImage web server start!
2022-05-26 19:08:52,709 - root - INFO - collect data
2022-05-26 19:09:41,551 - root - INFO - do service
2022-05-26 19:09:47,322 - root - INFO - {"code": 200, "msg": "success!", "data": "create plan is success"}
2022-05-27 10:35:26,679 - web_application - INFO - ModelServiceNewImage web server start!
2022-05-27 10:51:01,452 - web_application - INFO - ModelServiceNewImage web server start!
2022-05-27 10:51:10,173 - root - INFO - do PtomModel service
2022-05-27 10:51:10,173 - root - INFO - do PtomPredictNew post service
2022-05-27 10:52:21,435 - web_application - INFO - ModelServiceNewImage web server start!
2022-05-27 10:52:25,007 - root - INFO - do PtomModel service
2022-05-27 10:52:25,008 - root - INFO - do PtomPredictNew post service
2022-05-27 10:53:53,464 - web_application - INFO - ModelServiceNewImage web server start!
2022-05-27 10:53:56,408 - root - INFO - do PtomModel service
2022-05-27 10:53:56,408 - root - INFO - do PtomPredictNew post service
2022-05-27 10:58:28,179 - web_application - INFO - ModelServiceNewImage web server start!
2022-05-27 10:58:32,177 - root - INFO - do PtomModel service
2022-05-27 10:58:32,177 - root - INFO - do PtomPredictNew post service
2022-05-27 11:00:19,512 - web_application - INFO - ModelServiceNewImage web server start!
2022-05-27 11:00:22,608 - root - INFO - do PtomModel service
2022-05-27 11:00:22,609 - root - INFO - do PtomPredictNew post service
2022-05-27 11:01:38,974 - web_application - INFO - ModelServiceNewImage web server start!
2022-05-27 11:01:40,965 - root - INFO - do PtomModel service
2022-05-27 11:01:40,965 - root - INFO - do PtomPredictNew post service
2022-05-27 11:06:05,015 - web_application - INFO - ModelServiceNewImage web server start!
2022-05-27 11:06:06,858 - root - INFO - do PtomModel service
2022-05-27 11:06:06,859 - root - INFO - do PtomPredictNew post service
2022-05-27 11:08:04,713 - web_application - INFO - ModelServiceNewImage web server start!
2022-05-27 11:08:06,293 - root - INFO - do PtomModel service
2022-05-27 11:08:06,293 - root - INFO - do PtomPredictNew post service
2022-05-27 11:09:21,274 - web_application - INFO - ModelServiceNewImage web server start!
2022-05-27 11:09:22,628 - root - INFO - do PtomModel service
2022-05-27 11:09:22,629 - root - INFO - do PtomPredictNew post service
2022-05-27 11:11:39,969 - web_application - INFO - ModelServiceNewImage web server start!
2022-05-27 11:11:41,701 - root - INFO - do PtomModel service
2022-05-27 11:11:41,701 - root - INFO - do PtomPredictNew post service
2022-05-27 11:12:18,792 - root - INFO - {"code": 200, "msg": "plan pay copy success!"}
2022-05-27 11:12:32,407 - web_application - INFO - ModelServiceNewImage web server start!
2022-05-27 11:12:34,164 - root - INFO - do PtomModel service
2022-05-27 11:12:34,164 - root - INFO - do PtomPredictNew post service
2022-05-27 11:13:11,019 - root - INFO - {"code": 200, "msg": "plan pay copy success!"}
2022-05-27 14:39:57,070 - web_application - INFO - ModelServiceNewImage web server start!
2022-05-27 14:40:03,742 - root - INFO - do PtomModel service
2022-05-27 14:40:03,742 - root - INFO - do PtomPredictNew post service
2022-05-27 14:40:43,940 - root - INFO - {"code": 200, "msg": "plan pay copy success!"}
2022-05-27 14:41:16,808 - web_application - INFO - ModelServiceNewImage web server start!
2022-05-27 14:41:20,060 - root - INFO - do PtomModel service
2022-05-27 14:41:20,060 - root - INFO - do PtomPredictNew post service
2022-05-27 14:41:56,571 - root - INFO - {"code": 200, "msg": "plan pay copy success!"}
2022-05-27 14:44:43,840 - web_application - INFO - ModelServiceNewImage web server start!
2022-05-27 14:44:45,356 - root - INFO - do PtomModel service
2022-05-27 14:44:45,356 - root - INFO - do PtomPredictNew post service
2022-05-27 14:45:24,070 - root - INFO - {"code": 200, "msg": "plan pay copy success!"}
2022-05-27 14:49:11,299 - web_application - INFO - ModelServiceNewImage web server start!
2022-05-27 14:49:13,883 - root - INFO - do PtomModel service
2022-05-27 14:49:13,883 - root - INFO - do PtomPredictNew post service
2022-05-27 14:49:49,819 - root - INFO - {"code": 200, "msg": "plan pay copy success!"}
2022-05-27 14:50:23,930 - web_application - INFO - ModelServiceNewImage web server start!
2022-05-27 14:50:36,651 - root - INFO - do PtomModel service
2022-05-27 14:50:36,651 - root - INFO - do PtomPredictNew post service
2022-05-27 14:51:13,986 - root - INFO - {"code": 200, "msg": "plan pay copy success!"}
2022-05-27 15:01:36,888 - web_application - INFO - ModelServiceNewImage web server start!
2022-05-27 15:01:38,400 - root - INFO - do PtomModel service
2022-05-27 15:01:38,400 - root - INFO - do PtomPredictNew post service
2022-05-27 15:02:23,296 - root - INFO - {"code": 200, "msg": "image recomm success!"}
2022-05-27 15:15:21,485 - web_application - INFO - ModelServiceNewImage web server start!
2022-05-27 15:15:24,487 - root - INFO - do PtomModel service
2022-05-27 15:15:24,488 - root - INFO - do PtomPredictNew post service
2022-05-27 15:16:06,470 - root - INFO - {"code": 200, "msg": "image recomm success!"}
